<?xml version="1.0" encoding="UTF-8"?>
<testsuite time='0.059070' skipped='0' failures='0' errors='0' name="UserTest" assertions='11' tests='7' timestamp="2019-01-04T14:28:43+09:00">
  <testcase time='0.026607' file="test/models/user_test.rb" name="test_should_be_valid" assertions='1'>
  </testcase>
  <testcase time='0.022555' file="test/models/user_test.rb" name="test_name_should_be_present" assertions='1'>
  </testcase>
  <testcase time='0.003865' file="test/models/user_test.rb" name="test_email_addresses_should_be_unique" assertions='1'>
  </testcase>
  <testcase time='0.001380' file="test/models/user_test.rb" name="test_email_should_not_be_too_long" assertions='1'>
  </testcase>
  <testcase time='0.001593' file="test/models/user_test.rb" name="test_email_should_be_present" assertions='1'>
  </testcase>
  <testcase time='0.001975' file="test/models/user_test.rb" name="test_email_validation_should_accept_valid_addresses" assertions='5'>
  </testcase>
  <testcase time='0.001095' file="test/models/user_test.rb" name="test_name_should_not_be_too_long" assertions='1'>
  </testcase>
</testsuite>
