<?xml version="1.0" encoding="UTF-8"?>
<testsuite time='1.211238' skipped='0' failures='0' errors='0' name="UsersSignupTest" assertions='1' tests='1' timestamp="2019-01-05T02:21:08+09:00">
  <testcase time='1.211238' file="test/integration/users_signup_test.rb" name="test_invalid_signup_information" assertions='1'>
  </testcase>
</testsuite>
