<?xml version="1.0" encoding="UTF-8"?>
<testsuite time='0.009389' skipped='0' failures='0' errors='0' name="UsersControllerTest" assertions='1' tests='1' timestamp="2019-01-05T02:21:08+09:00">
  <testcase time='0.009389' file="test/controllers/users_controller_test.rb" name="test_should_get_new" assertions='1'>
  </testcase>
</testsuite>
